C51 COMPILER V9.52.0.0   CAU21                                                             06/27/2021 21:48:17 PAGE 1   


C51 COMPILER V9.52.0.0, COMPILATION OF MODULE CAU21
OBJECT MODULE PLACED IN CAU21.OBJ
COMPILER INVOKED BY: E:\C51\BIN\C51.EXE CAU21.c BROWSE DEBUG OBJECTEXTEND TABS(2)

line level    source

   1          #include <REGX52.H>
   2          
   3          void delay_ms(int ms){
   4   1            while(ms--){
   5   2                   TH0 = 0Xfc;
   6   2           TL0 = 0x18;
   7   2           TR0 = 1;
   8   2           while(!TF0);
   9   2           TF0 = 0;
  10   2           TR0 = 0;
  11   2            }
  12   1      }
  13          
  14          void main(){
  15   1             EX0 = 1; //cho phep ngat ngoai 0
  16   1             IT0 = 1; //chon kieu ngat theo suon
  17   1             EA  = 1; //cho phep ngat ngoai cuc
  18   1             while(1){
  19   2            P2 = 0;
  20   2            delay_ms(1000);
  21   2            P2 = 0xff;
  22   2            delay_ms(1000);
  23   2              }
  24   1      }
  25          
  26          void ngat() interrupt 0{
  27   1             long a = 50000;
  28   1             P1_3 = 0;
  29   1             while(a--){};
  30   1             P1_3 = 1;
  31   1      }


MODULE INFORMATION:   STATIC OVERLAYABLE
   CODE SIZE        =    117    ----
   CONSTANT SIZE    =   ----    ----
   XDATA SIZE       =   ----    ----
   PDATA SIZE       =   ----    ----
   DATA SIZE        =   ----       4
   IDATA SIZE       =   ----    ----
   BIT SIZE         =   ----    ----
END OF MODULE INFORMATION.


C51 COMPILATION COMPLETE.  0 WARNING(S),  0 ERROR(S)
