C51 COMPILER V9.52.0.0   C_U22                                                             06/27/2021 21:50:34 PAGE 1   


C51 COMPILER V9.52.0.0, COMPILATION OF MODULE C_U22
OBJECT MODULE PLACED IN CÂU22.OBJ
COMPILER INVOKED BY: E:\C51\BIN\C51.EXE CÂU22.c BROWSE DEBUG OBJECTEXTEND TABS(2)

line level    source

   1          #include <REGX52.H>
   2          #define led1 P3_0
   3          #define led2 P3_1
   4          #define sang 0
   5          #define tat 1
   6          sbit up=P3^2;
   7          char so[ ]={0x40,0x79,0x24,0x30,0x19,0x12,0x02,0x78,0x00,0x10};
   8          char count;
   9          unsigned char chuc,donvi; 
  10           
  11          void delay_ms(int time){
  12   1             while(time--){
  13   2           TMOD=0x01;
  14   2           TH0=0xfc;
  15   2           TL0=0x18;
  16   2           TR0=1;
  17   2           while(!TF0);
  18   2           TF0=0;
  19   2           TR0=0;
  20   2           }
  21   1       }
  22          
  23          void tang()interrupt 0{
  24   1              count++;
  25   1               if(count>30) count=0;
  26   1      }
  27          
  28          void main (){
  29   1                  EA=1;
  30   1          EX0=1;
  31   1          IT0=1;
  32   1          EX1=1;
  33   1          IT1=1;
  34   1          while(1){
  35   2                 chuc=count/10;
  36   2                 donvi=count%10;
  37   2                 led1 =sang;    P2=so[chuc];   delay_ms(10);   led1 =tat;
  38   2                 led2 =sang;    P2=so[donvi];  delay_ms(10);   led2 =tat;
  39   2           }
  40   1      }


MODULE INFORMATION:   STATIC OVERLAYABLE
   CODE SIZE        =    117    ----
   CONSTANT SIZE    =   ----    ----
   XDATA SIZE       =   ----    ----
   PDATA SIZE       =   ----    ----
   DATA SIZE        =     13    ----
   IDATA SIZE       =   ----    ----
   BIT SIZE         =   ----    ----
END OF MODULE INFORMATION.


C51 COMPILATION COMPLETE.  0 WARNING(S),  0 ERROR(S)
