C51 COMPILER V9.52.0.0   BAI31                                                             06/28/2021 09:21:27 PAGE 1   


C51 COMPILER V9.52.0.0, COMPILATION OF MODULE BAI31
OBJECT MODULE PLACED IN .\BAI31.obj
COMPILER INVOKED BY: E:\C51\BIN\C51.EXE F:\BAI31.c BROWSE DEBUG OBJECTEXTEND PRINT(.\BAI31.lst) TABS(2) OBJECT(.\BAI31.o
                    -bj)

line level    source

   1          #include <REGX52.H>
   2          
   3          #define LCD_RS P1_0
   4          #define LCD_RW P1_1
   5          #define LCD_EN P1_2
   6          #define LCD_D4 P0_4
   7          #define LCD_D5 P0_5
   8          #define LCD_D6 P0_6
   9          #define LCD_D7 P0_7
  10          
  11          void delay_us(unsigned int t){
  12   1             unsigned int i;
  13   1           for(i=0;i<t;i++);
  14   1      }
  15          
  16          void delay_ms(unsigned int t){
  17   1             unsigned int i,j;
  18   1           for(i=0;i<t;i++)
  19   1           for(j=0;j<125;j++);
  20   1      }
  21          
  22          void delay(long time)
  23          {
  24   1          while (time--);
  25   1      }
  26          
  27          void LCD_Enable(void){
  28   1              LCD_EN =1;
  29   1          delay_us(3);
  30   1          LCD_EN =0;
  31   1          delay_us(50);
  32   1      }
  33          
  34          void LCD_Send4Bit(unsigned char Data){
  35   1              LCD_D4=Data & 0x01;
  36   1          LCD_D5=(Data>>1)&1;
  37   1          LCD_D6=(Data>>2)&1;
  38   1          LCD_D7=(Data>>3)&1;
  39   1      }
  40          
  41          void LCD_SendCommand(unsigned char command){
  42   1              LCD_Send4Bit(command >>4);
  43   1          LCD_Enable();
  44   1          LCD_Send4Bit(command);
  45   1          LCD_Enable();
  46   1      }
  47          
  48          void LCD_Clear(){
  49   1              LCD_SendCommand(0x01);
  50   1          delay_us(10);
  51   1      }
  52          
  53          void LCD_Init(){
  54   1              LCD_Send4Bit(0x00);
C51 COMPILER V9.52.0.0   BAI31                                                             06/28/2021 09:21:27 PAGE 2   

  55   1          delay_ms(20);
  56   1          LCD_RS=0;
  57   1          LCD_RW=0;
  58   1          LCD_Send4Bit(0x03);
  59   1          LCD_Enable();
  60   1          delay_ms(5);
  61   1          LCD_Enable();
  62   1          delay_us(100);
  63   1          LCD_Enable();
  64   1          LCD_Send4Bit(0x02);
  65   1          LCD_Enable();
  66   1          LCD_SendCommand(0x28);
  67   1          LCD_SendCommand(0x0c);
  68   1          LCD_SendCommand(0x06);
  69   1          LCD_SendCommand(0x01);
  70   1      }
  71          
  72          void LCD_Gotoxy(unsigned char x, unsigned char y){
  73   1              unsigned char address;
  74   1          if(!y)address=(0x80+x);
  75   1          else address= (0xc0+x);
  76   1          delay_us(1000);
  77   1          LCD_SendCommand(address);
  78   1          delay_us(50);
  79   1      }
  80          
  81          void LCD_PutChar(unsigned char Data){
  82   1              LCD_RS=1;
  83   1          LCD_SendCommand(Data);
  84   1          LCD_RS=0;
  85   1      }
  86          
  87          void LCD_Puts(char*s){
  88   1              while (*s){
  89   2                  LCD_PutChar(*s);
  90   2              s++;
  91   2          }
  92   1      }
  93          
  94          void main(){
  95   1          LCD_Init();
  96   1        LCD_Puts(" hello");
  97   1        delay_ms(1000);
  98   1        LCD_Clear();
  99   1        LCD_Gotoxy(0,0);
 100   1        LCD_Puts("trinh van khanh");
 101   1        delay_ms(1000);
 102   1        LCD_Gotoxy(0,1);
 103   1        LCD_Puts("1755252021600019");
 104   1        while(1);
 105   1      }


MODULE INFORMATION:   STATIC OVERLAYABLE
   CODE SIZE        =    355    ----
   CONSTANT SIZE    =     40    ----
   XDATA SIZE       =   ----    ----
   PDATA SIZE       =   ----    ----
   DATA SIZE        =   ----       7
   IDATA SIZE       =   ----    ----
   BIT SIZE         =   ----    ----
END OF MODULE INFORMATION.

C51 COMPILER V9.52.0.0   BAI31                                                             06/28/2021 09:21:27 PAGE 3   


C51 COMPILATION COMPLETE.  0 WARNING(S),  0 ERROR(S)
